[INFO]-[2017/11/09 05:33:40] DB Copy: Creating table wpstg0_commentmeta like mp_commentmeta
[INFO]-[2017/11/09 05:33:40] DB Copy: Creating table wpstg0_comments like mp_comments
[INFO]-[2017/11/09 05:33:40] DB Copy: Creating table wpstg0_links like mp_links
[INFO]-[2017/11/09 05:33:40] DB Copy: Creating table wpstg0_options like mp_options
[INFO]-[2017/11/09 05:33:40] DB Copy: mp_options as wpstg0_options between 0 to 1000 records
[INFO]-[2017/11/09 05:33:40] DB Copy: Creating table wpstg0_postmeta like mp_postmeta
[INFO]-[2017/11/09 05:33:40] DB Copy: mp_postmeta as wpstg0_postmeta between 0 to 1000 records
[INFO]-[2017/11/09 05:33:40] DB Copy: mp_postmeta as wpstg0_postmeta between 1000 to 2000 records
[INFO]-[2017/11/09 05:33:40] DB Copy: Creating table wpstg0_posts like mp_posts
[INFO]-[2017/11/09 05:33:40] DB Copy: mp_posts as wpstg0_posts between 0 to 1000 records
[INFO]-[2017/11/09 05:33:40] DB Copy: Creating table wpstg0_shk_banner like mp_shk_banner
[INFO]-[2017/11/09 05:33:40] DB Copy: mp_shk_banner as wpstg0_shk_banner between 0 to 1000 records
[INFO]-[2017/11/09 05:33:40] DB Copy: Creating table wpstg0_shk_invoice like mp_shk_invoice
[INFO]-[2017/11/09 05:33:40] DB Copy: Creating table wpstg0_shk_invoice_detail like mp_shk_invoice_detail
[INFO]-[2017/11/09 05:33:40] DB Copy: Creating table wpstg0_shk_payment_method like mp_shk_payment_method
[INFO]-[2017/11/09 05:33:40] DB Copy: mp_shk_payment_method as wpstg0_shk_payment_method between 0 to 1000 records
[INFO]-[2017/11/09 05:33:40] DB Copy: Creating table wpstg0_shk_user like mp_shk_user
[INFO]-[2017/11/09 05:33:40] DB Copy: mp_shk_user as wpstg0_shk_user between 0 to 1000 records
[INFO]-[2017/11/09 05:33:40] DB Copy: Creating table wpstg0_term_relationships like mp_term_relationships
[INFO]-[2017/11/09 05:33:40] DB Copy: mp_term_relationships as wpstg0_term_relationships between 0 to 1000 records
[INFO]-[2017/11/09 05:33:40] DB Copy: Creating table wpstg0_term_taxonomy like mp_term_taxonomy
[INFO]-[2017/11/09 05:33:40] DB Copy: mp_term_taxonomy as wpstg0_term_taxonomy between 0 to 1000 records
[INFO]-[2017/11/09 05:33:40] DB Copy: Creating table wpstg0_termmeta like mp_termmeta
[INFO]-[2017/11/09 05:33:40] DB Copy: Creating table wpstg0_terms like mp_terms
[INFO]-[2017/11/09 05:33:40] DB Copy: mp_terms as wpstg0_terms between 0 to 1000 records
[INFO]-[2017/11/09 05:33:40] DB Copy: Creating table wpstg0_usermeta like mp_usermeta
[INFO]-[2017/11/09 05:33:40] DB Copy: mp_usermeta as wpstg0_usermeta between 0 to 1000 records
[INFO]-[2017/11/09 05:33:40] DB Copy: Creating table wpstg0_commentmeta like mp_commentmeta
[INFO]-[2017/11/09 05:33:40] DB Copy: Creating table wpstg0_comments like mp_comments
[INFO]-[2017/11/09 05:33:40] DB Copy: Creating table wpstg0_links like mp_links
[INFO]-[2017/11/09 05:33:40] DB Copy: Creating table wpstg0_options like mp_options
[INFO]-[2017/11/09 05:33:40] DB Copy: mp_options as wpstg0_options between 0 to 1000 records
[INFO]-[2017/11/09 05:33:40] DB Copy: Creating table wpstg0_postmeta like mp_postmeta
[INFO]-[2017/11/09 05:33:40] DB Copy: mp_postmeta as wpstg0_postmeta between 0 to 1000 records
[INFO]-[2017/11/09 05:33:40] DB Copy: mp_postmeta as wpstg0_postmeta between 1000 to 2000 records
[INFO]-[2017/11/09 05:33:40] DB Copy: Creating table wpstg0_posts like mp_posts
[INFO]-[2017/11/09 05:33:40] DB Copy: mp_posts as wpstg0_posts between 0 to 1000 records
[INFO]-[2017/11/09 05:33:40] DB Copy: Creating table wpstg0_shk_banner like mp_shk_banner
[INFO]-[2017/11/09 05:33:40] DB Copy: mp_shk_banner as wpstg0_shk_banner between 0 to 1000 records
[INFO]-[2017/11/09 05:33:40] DB Copy: Creating table wpstg0_shk_invoice like mp_shk_invoice
[INFO]-[2017/11/09 05:33:40] DB Copy: Creating table wpstg0_shk_invoice_detail like mp_shk_invoice_detail
[INFO]-[2017/11/09 05:33:40] DB Copy: Creating table wpstg0_shk_payment_method like mp_shk_payment_method
[INFO]-[2017/11/09 05:33:40] DB Copy: mp_shk_payment_method as wpstg0_shk_payment_method between 0 to 1000 records
[INFO]-[2017/11/09 05:33:40] DB Copy: Creating table wpstg0_shk_user like mp_shk_user
[INFO]-[2017/11/09 05:33:40] DB Copy: mp_shk_user as wpstg0_shk_user between 0 to 1000 records
[INFO]-[2017/11/09 05:33:40] DB Copy: Creating table wpstg0_term_relationships like mp_term_relationships
[INFO]-[2017/11/09 05:33:40] DB Copy: mp_term_relationships as wpstg0_term_relationships between 0 to 1000 records
[INFO]-[2017/11/09 05:33:40] DB Copy: Creating table wpstg0_term_taxonomy like mp_term_taxonomy
[INFO]-[2017/11/09 05:33:40] DB Copy: mp_term_taxonomy as wpstg0_term_taxonomy between 0 to 1000 records
[INFO]-[2017/11/09 05:33:40] DB Copy: Creating table wpstg0_termmeta like mp_termmeta
[INFO]-[2017/11/09 05:33:40] DB Copy: Creating table wpstg0_terms like mp_terms
[INFO]-[2017/11/09 05:33:40] DB Copy: mp_terms as wpstg0_terms between 0 to 1000 records
[INFO]-[2017/11/09 05:33:40] DB Copy: Creating table wpstg0_usermeta like mp_usermeta
[INFO]-[2017/11/09 05:33:40] DB Copy: mp_usermeta as wpstg0_usermeta between 0 to 1000 records
[INFO]-[2017/11/09 05:33:42] DB Copy: Creating table wpstg0_users like mp_users
[INFO]-[2017/11/09 05:33:42] DB Copy: mp_users as wpstg0_users between 0 to 1000 records
[INFO]-[2017/11/09 05:33:42] DB Copy: Creating table wpstg0_users like mp_users
[INFO]-[2017/11/09 05:33:42] DB Copy: mp_users as wpstg0_users between 0 to 1000 records
[INFO]-[2017/11/09 05:33:44] Scanning E:\demo\thegioirausach/.git for its sub-directories and files
[INFO]-[2017/11/09 05:33:44] Scanning E:\demo\thegioirausach/document for its sub-directories and files
[INFO]-[2017/11/09 05:33:44] Scanning E:\demo\thegioirausach/wp-admin for its sub-directories and files
[INFO]-[2017/11/09 05:33:44] Scanning E:\demo\thegioirausach/wp-content for its sub-directories and files
[INFO]-[2017/11/09 05:33:44] Scanning E:\demo\thegioirausach/wp-includes for its sub-directories and files
[INFO]-[2017/11/09 05:33:44] Scanning E:\demo\thegioirausach/wp-snapshots for its sub-directories and files
[INFO]-[2017/11/09 05:33:44] Scanning E:\demo\thegioirausach/ for its sub-directories and files
[INFO]-[2017/11/09 05:33:44] Scanning E:\demo\thegioirausach/.git for its sub-directories and files
[INFO]-[2017/11/09 05:33:44] Scanning E:\demo\thegioirausach/document for its sub-directories and files
[INFO]-[2017/11/09 05:33:44] Scanning E:\demo\thegioirausach/wp-admin for its sub-directories and files
[INFO]-[2017/11/09 05:33:44] Scanning E:\demo\thegioirausach/wp-content for its sub-directories and files
[INFO]-[2017/11/09 05:33:44] Scanning E:\demo\thegioirausach/wp-includes for its sub-directories and files
[INFO]-[2017/11/09 05:33:44] Scanning E:\demo\thegioirausach/wp-snapshots for its sub-directories and files
[INFO]-[2017/11/09 05:33:44] Scanning E:\demo\thegioirausach/ for its sub-directories and files
[INFO]-[2017/11/09 05:33:46] Scanning E:\demo\thegioirausach/.git for its sub-directories and files
[INFO]-[2017/11/09 05:33:46] Scanning E:\demo\thegioirausach/document for its sub-directories and files
[INFO]-[2017/11/09 05:33:46] Scanning E:\demo\thegioirausach/wp-admin for its sub-directories and files
[INFO]-[2017/11/09 05:33:46] Scanning E:\demo\thegioirausach/wp-content for its sub-directories and files
[INFO]-[2017/11/09 05:33:46] Scanning E:\demo\thegioirausach/wp-includes for its sub-directories and files
[INFO]-[2017/11/09 05:33:46] Scanning E:\demo\thegioirausach/wp-snapshots for its sub-directories and files
[INFO]-[2017/11/09 05:33:46] Scanning E:\demo\thegioirausach/.git for its sub-directories and files
[INFO]-[2017/11/09 05:33:46] Scanning E:\demo\thegioirausach/document for its sub-directories and files
[INFO]-[2017/11/09 05:33:46] Scanning E:\demo\thegioirausach/wp-admin for its sub-directories and files
[INFO]-[2017/11/09 05:33:46] Scanning E:\demo\thegioirausach/wp-content for its sub-directories and files
[INFO]-[2017/11/09 05:33:46] Scanning E:\demo\thegioirausach/wp-includes for its sub-directories and files
[INFO]-[2017/11/09 05:33:46] Scanning E:\demo\thegioirausach/wp-snapshots for its sub-directories and files
[INFO]-[2017/11/09 05:33:46] Copying files...
[INFO]-[2017/11/09 05:33:46] Total 1 files processed
[INFO]-[2017/11/09 05:33:46] Total 2 files processed
[INFO]-[2017/11/09 05:33:46] Total 3 files processed
[INFO]-[2017/11/09 05:33:46] Total 4 files processed
[INFO]-[2017/11/09 05:33:46] Total 5 files processed
[INFO]-[2017/11/09 05:33:46] Total 6 files processed
[INFO]-[2017/11/09 05:33:46] Total 7 files processed
[INFO]-[2017/11/09 05:33:46] Total 8 files processed
[INFO]-[2017/11/09 05:33:46] Total 9 files processed
[INFO]-[2017/11/09 05:33:46] Total 10 files processed
[INFO]-[2017/11/09 05:33:46] Total 11 files processed
[INFO]-[2017/11/09 05:33:46] Total 12 files processed
[INFO]-[2017/11/09 05:33:46] Total 13 files processed
[INFO]-[2017/11/09 05:33:46] Total 14 files processed
[INFO]-[2017/11/09 05:33:46] Total 15 files processed
[INFO]-[2017/11/09 05:33:46] Total 16 files processed
[INFO]-[2017/11/09 05:33:46] Total 17 files processed
[INFO]-[2017/11/09 05:33:46] Copying files...
[INFO]-[2017/11/09 05:33:46] Total 1 files processed
[INFO]-[2017/11/09 05:33:46] Total 2 files processed
[INFO]-[2017/11/09 05:33:46] Total 3 files processed
[INFO]-[2017/11/09 05:33:46] Total 4 files processed
[INFO]-[2017/11/09 05:33:46] Total 5 files processed
[INFO]-[2017/11/09 05:33:46] Total 6 files processed
[INFO]-[2017/11/09 05:33:46] Total 7 files processed
[INFO]-[2017/11/09 05:33:46] Total 8 files processed
[INFO]-[2017/11/09 05:33:46] Total 9 files processed
[INFO]-[2017/11/09 05:33:46] Total 10 files processed
[INFO]-[2017/11/09 05:33:46] Total 11 files processed
[INFO]-[2017/11/09 05:33:46] Total 12 files processed
[INFO]-[2017/11/09 05:33:46] Total 13 files processed
[INFO]-[2017/11/09 05:33:46] Total 14 files processed
[INFO]-[2017/11/09 05:33:46] Total 15 files processed
[INFO]-[2017/11/09 05:33:46] Total 16 files processed
[INFO]-[2017/11/09 05:33:46] Total 17 files processed
[INFO]-[2017/11/09 05:33:48] Copying files finished
[INFO]-[2017/11/09 05:33:48] Copying files finished
[INFO]-[2017/11/09 05:33:49] Search & Replace: Updating siteurl and homeurl in wpstg0_options 
[INFO]-[2017/11/09 05:33:49] Search & Replace:: Updating siteurl and homeurl to http://demo.dev/thegioirausach/thegioirausach
[INFO]-[2017/11/09 05:33:49] Search & Replace: Updating row wpstg_is_staging_site in wpstg0_options 
[INFO]-[2017/11/09 05:33:49] Search & Replace: Updating rewrite_rules in wpstg0_options 
[INFO]-[2017/11/09 05:33:49] Search & Replace: Updating wpstg0_usermeta db prefix 
[INFO]-[2017/11/09 05:33:49] Updating wpstg0_options, option_name database table prefixes; 
[INFO]-[2017/11/09 05:33:49] Search & Replace: Updating table_prefix in E:\demo\thegioirausach/thegioirausach/wp-config.php to wpstg0_
[INFO]-[2017/11/09 05:33:49] Search & Replace: WP installation is not in a subdirectory! All good, skipping this step
[INFO]-[2017/11/09 05:33:49] Search & Replace: Updating siteurl and homeurl in wpstg0_options 
[INFO]-[2017/11/09 05:33:49] Search & Replace:: Updating siteurl and homeurl to http://demo.dev/thegioirausach/thegioirausach
[INFO]-[2017/11/09 05:33:49] Search & Replace: Updating row wpstg_is_staging_site in wpstg0_options 
[INFO]-[2017/11/09 05:33:49] Search & Replace: Updating rewrite_rules in wpstg0_options 
[INFO]-[2017/11/09 05:33:49] Search & Replace: Updating wpstg0_usermeta db prefix 
[INFO]-[2017/11/09 05:33:49] Updating wpstg0_options, option_name database table prefixes; 
[INFO]-[2017/11/09 05:33:49] Search & Replace: Updating table_prefix in E:\demo\thegioirausach/thegioirausach/wp-config.php to wpstg0_
[INFO]-[2017/11/09 05:33:49] Search & Replace: WP installation is not in a subdirectory! All good, skipping this step
[INFO]-[2017/11/09 05:33:50] Finish: Deleting clone job's cache files...
[INFO]-[2017/11/09 05:33:50] Finish: Clone job's cache files have been deleted!
[INFO]-[2017/11/09 05:33:50] Finish: Verifying existing clones...
[INFO]-[2017/11/09 05:33:50] Finish: TheGioiRauSach's clone job's data is not in database, generating data
[INFO]-[2017/11/09 05:33:50] Finish: Deleting clone job's cache files...
[INFO]-[2017/11/09 05:33:50] Finish: Clone job's cache files have been deleted!
[INFO]-[2017/11/09 05:33:50] Finish: Verifying existing clones...
[INFO]-[2017/11/09 05:33:50] Finish: TheGioiRauSach's clone job's data is not in database, generating data
